<?xml version="1.0" encoding="UTF-8"?>
<!-- Generated by org.testng.reporters.JUnitXMLReporter -->
<testsuite ignored="0" hostname="MT-4QQN6L3" failures="1" tests="11" name="Test" time="286.391" errors="0" timestamp="2022-07-29T01:08:09 IST">
  <testcase classname="com.mindtree.runner.Runner" name="changeLanguage" time="33.585"/>
  <testcase classname="com.mindtree.runner.Runner" name="footerPowder" time="20.255"/>
  <testcase classname="com.mindtree.runner.Runner" name="liveChat" time="12.623"/>
  <testcase classname="com.mindtree.runner.Runner" name="navigationWash" time="16.951"/>
  <testcase classname="com.mindtree.runner.Runner" name="pngDisplay" time="15.411"/>
  <testcase classname="com.mindtree.runner.Runner" name="pngRedirect" time="49.965"/>
  <testcase classname="com.mindtree.runner.Runner" name="promoHome" time="12.699"/>
  <testcase classname="com.mindtree.runner.Runner" name="searchText" time="15.711"/>
  <testcase classname="com.mindtree.runner.Runner" name="signUpEmailInvalid" time="33.999">
    <failure type="java.lang.AssertionError" message="null">
      <![CDATA[java.lang.AssertionError: null
at com.mindtree.pageobject.SignUpFormPageObject.verifyInvalidAccount(SignUpFormPageObject.java:129)
at com.mindtree.runner.Runner.signUpEmailInvalid(Runner.java:164)
at java.base/java.util.ArrayList.forEach(ArrayList.java:1511)
... Removed 29 stack frames]]>
    </failure>
  </testcase> <!-- signUpEmailInvalid -->
  <testcase classname="com.mindtree.runner.Runner" name="signUpValid" time="41.388"/>
  <testcase classname="com.mindtree.runner.Runner" name="tncFooter" time="33.261"/>
</testsuite> <!-- Test -->
