<?xml version="1.0" encoding="UTF-8"?>
<testng-results ignored="0" total="2" passed="2" failed="0" skipped="0">
  <reporter-output>
  </reporter-output>
  <suite started-at="2022-07-15T22:25:45 IST" name="Suite" finished-at="2022-07-15T22:26:07 IST" duration-ms="22125">
    <groups>
    </groups>
    <test started-at="2022-07-15T22:25:45 IST" name="Test" finished-at="2022-07-15T22:26:07 IST" duration-ms="22125">
      <class name="com.mindtree.runner.Runner">
        <test-method is-config="true" signature="extentReport()[pri:0, instance:com.mindtree.runner.Runner@5a955565]" started-at="2022-07-15T22:25:45 IST" name="extentReport" finished-at="2022-07-15T22:25:45 IST" duration-ms="399" status="PASS">
          <reporter-output>
          </reporter-output>
        </test-method> <!-- extentReport -->
        <test-method is-config="true" signature="newObjects()[pri:0, instance:com.mindtree.runner.Runner@5a955565]" started-at="2022-07-15T22:25:45 IST" name="newObjects" finished-at="2022-07-15T22:25:45 IST" duration-ms="2" status="PASS">
          <reporter-output>
          </reporter-output>
        </test-method> <!-- newObjects -->
        <test-method signature="inputSearchAndCheck()[pri:0, instance:com.mindtree.runner.Runner@5a955565]" started-at="2022-07-15T22:25:45 IST" name="inputSearchAndCheck" finished-at="2022-07-15T22:25:56 IST" duration-ms="10811" status="PASS">
          <reporter-output>
          </reporter-output>
        </test-method> <!-- inputSearchAndCheck -->
        <test-method is-config="true" signature="flushReport()[pri:0, instance:com.mindtree.runner.Runner@5a955565]" started-at="2022-07-15T22:25:56 IST" name="flushReport" finished-at="2022-07-15T22:25:56 IST" duration-ms="247" status="PASS">
          <reporter-output>
          </reporter-output>
        </test-method> <!-- flushReport -->
        <test-method signature="stringSearchAndCheck()[pri:0, instance:com.mindtree.runner.Runner@5a955565]" started-at="2022-07-15T22:25:56 IST" name="stringSearchAndCheck" finished-at="2022-07-15T22:26:07 IST" duration-ms="11023" status="PASS">
          <reporter-output>
          </reporter-output>
        </test-method> <!-- stringSearchAndCheck -->
        <test-method is-config="true" signature="newObjects()[pri:0, instance:com.mindtree.runner.Runner@5a955565]" started-at="2022-07-15T22:25:56 IST" name="newObjects" finished-at="2022-07-15T22:25:56 IST" duration-ms="0" status="PASS">
          <reporter-output>
          </reporter-output>
        </test-method> <!-- newObjects -->
        <test-method is-config="true" signature="flushReport()[pri:0, instance:com.mindtree.runner.Runner@5a955565]" started-at="2022-07-15T22:26:07 IST" name="flushReport" finished-at="2022-07-15T22:26:07 IST" duration-ms="21" status="PASS">
          <reporter-output>
          </reporter-output>
        </test-method> <!-- flushReport -->
        <test-method is-config="true" signature="openReport()[pri:0, instance:com.mindtree.runner.Runner@5a955565]" started-at="2022-07-15T22:26:07 IST" name="openReport" finished-at="2022-07-15T22:26:09 IST" duration-ms="1981" status="PASS">
          <reporter-output>
          </reporter-output>
        </test-method> <!-- openReport -->
      </class> <!-- com.mindtree.runner.Runner -->
    </test> <!-- Test -->
  </suite> <!-- Suite -->
</testng-results>
