<?xml version="1.0" encoding="UTF-8"?>
<testng-results ignored="0" total="2" passed="2" failed="0" skipped="0">
  <reporter-output>
  </reporter-output>
  <suite started-at="2022-07-15T18:24:51 IST" name="Suite" finished-at="2022-07-15T18:25:22 IST" duration-ms="31270">
    <groups>
    </groups>
    <test started-at="2022-07-15T18:24:51 IST" name="Test" finished-at="2022-07-15T18:25:22 IST" duration-ms="31270">
      <class name="com.mindtree.runner.Runner">
        <test-method is-config="true" signature="extentReport()[pri:0, instance:com.mindtree.runner.Runner@22635ba0]" started-at="2022-07-15T18:24:51 IST" name="extentReport" finished-at="2022-07-15T18:24:51 IST" duration-ms="398" status="PASS">
          <reporter-output>
          </reporter-output>
        </test-method> <!-- extentReport -->
        <test-method is-config="true" signature="newObjects()[pri:0, instance:com.mindtree.runner.Runner@22635ba0]" started-at="2022-07-15T18:24:51 IST" name="newObjects" finished-at="2022-07-15T18:24:51 IST" duration-ms="3" status="PASS">
          <reporter-output>
          </reporter-output>
        </test-method> <!-- newObjects -->
        <test-method signature="inputSearchAndCheck()[pri:0, instance:com.mindtree.runner.Runner@22635ba0]" started-at="2022-07-15T18:24:51 IST" name="inputSearchAndCheck" finished-at="2022-07-15T18:25:08 IST" duration-ms="16646" status="PASS">
          <reporter-output>
          </reporter-output>
        </test-method> <!-- inputSearchAndCheck -->
        <test-method is-config="true" signature="flushReport()[pri:0, instance:com.mindtree.runner.Runner@22635ba0]" started-at="2022-07-15T18:25:08 IST" name="flushReport" finished-at="2022-07-15T18:25:08 IST" duration-ms="239" status="PASS">
          <reporter-output>
          </reporter-output>
        </test-method> <!-- flushReport -->
        <test-method is-config="true" signature="newObjects()[pri:0, instance:com.mindtree.runner.Runner@22635ba0]" started-at="2022-07-15T18:25:08 IST" name="newObjects" finished-at="2022-07-15T18:25:08 IST" duration-ms="0" status="PASS">
          <reporter-output>
          </reporter-output>
        </test-method> <!-- newObjects -->
        <test-method signature="stringSearchAndCheck()[pri:0, instance:com.mindtree.runner.Runner@22635ba0]" started-at="2022-07-15T18:25:08 IST" name="stringSearchAndCheck" finished-at="2022-07-15T18:25:22 IST" duration-ms="14336" status="PASS">
          <reporter-output>
          </reporter-output>
        </test-method> <!-- stringSearchAndCheck -->
        <test-method is-config="true" signature="flushReport()[pri:0, instance:com.mindtree.runner.Runner@22635ba0]" started-at="2022-07-15T18:25:22 IST" name="flushReport" finished-at="2022-07-15T18:25:22 IST" duration-ms="26" status="PASS">
          <reporter-output>
          </reporter-output>
        </test-method> <!-- flushReport -->
        <test-method is-config="true" signature="openReport()[pri:0, instance:com.mindtree.runner.Runner@22635ba0]" started-at="2022-07-15T18:25:22 IST" name="openReport" finished-at="2022-07-15T18:25:25 IST" duration-ms="2936" status="PASS">
          <reporter-output>
          </reporter-output>
        </test-method> <!-- openReport -->
      </class> <!-- com.mindtree.runner.Runner -->
    </test> <!-- Test -->
  </suite> <!-- Suite -->
</testng-results>
