<?xml version="1.0" encoding="UTF-8"?>
<testsuite xmlns:xsi="http://www.w3.org/2001/XMLSchema-instance" xsi:noNamespaceSchemaLocation="https://maven.apache.org/surefire/maven-surefire-plugin/xsd/surefire-test-report.xsd" name="TestSuite" time="24.954" tests="2" errors="0" skipped="0" failures="0">
  <properties>
[...]
</properties>
  <testcase name="inputSearchAndCheck" classname="com.mindtree.runner.Runner" time="10.813"/>
  <testcase name="stringSearchAndCheck" classname="com.mindtree.runner.Runner" time="11.023"/>
</testsuite>