<?xml version="1.0" encoding="UTF-8"?>
<testng-results ignored="0" total="2" passed="2" failed="0" skipped="0">
  <reporter-output>
  </reporter-output>
  <suite started-at="2022-07-15T22:21:25 IST" name="Default suite" finished-at="2022-07-15T22:21:48 IST" duration-ms="22885">
    <groups>
    </groups>
    <test started-at="2022-07-15T22:21:25 IST" name="Default test" finished-at="2022-07-15T22:21:48 IST" duration-ms="22885">
      <class name="com.mindtree.runner.Runner">
        <test-method is-config="true" signature="extentReport()[pri:0, instance:com.mindtree.runner.Runner@1139b2f3]" started-at="2022-07-15T22:21:24 IST" name="extentReport" finished-at="2022-07-15T22:21:25 IST" duration-ms="451" status="PASS">
          <reporter-output>
          </reporter-output>
        </test-method> <!-- extentReport -->
        <test-method is-config="true" signature="newObjects()[pri:0, instance:com.mindtree.runner.Runner@1139b2f3]" started-at="2022-07-15T22:21:25 IST" name="newObjects" finished-at="2022-07-15T22:21:25 IST" duration-ms="2" status="PASS">
          <reporter-output>
          </reporter-output>
        </test-method> <!-- newObjects -->
        <test-method signature="inputSearchAndCheck()[pri:0, instance:com.mindtree.runner.Runner@1139b2f3]" started-at="2022-07-15T22:21:25 IST" name="inputSearchAndCheck" finished-at="2022-07-15T22:21:36 IST" duration-ms="10991" status="PASS">
          <reporter-output>
          </reporter-output>
        </test-method> <!-- inputSearchAndCheck -->
        <test-method is-config="true" signature="flushReport()[pri:0, instance:com.mindtree.runner.Runner@1139b2f3]" started-at="2022-07-15T22:21:36 IST" name="flushReport" finished-at="2022-07-15T22:21:36 IST" duration-ms="225" status="PASS">
          <reporter-output>
          </reporter-output>
        </test-method> <!-- flushReport -->
        <test-method is-config="true" signature="newObjects()[pri:0, instance:com.mindtree.runner.Runner@1139b2f3]" started-at="2022-07-15T22:21:36 IST" name="newObjects" finished-at="2022-07-15T22:21:36 IST" duration-ms="0" status="PASS">
          <reporter-output>
          </reporter-output>
        </test-method> <!-- newObjects -->
        <test-method signature="stringSearchAndCheck()[pri:0, instance:com.mindtree.runner.Runner@1139b2f3]" started-at="2022-07-15T22:21:36 IST" name="stringSearchAndCheck" finished-at="2022-07-15T22:21:48 IST" duration-ms="11613" status="PASS">
          <reporter-output>
          </reporter-output>
        </test-method> <!-- stringSearchAndCheck -->
        <test-method is-config="true" signature="flushReport()[pri:0, instance:com.mindtree.runner.Runner@1139b2f3]" started-at="2022-07-15T22:21:48 IST" name="flushReport" finished-at="2022-07-15T22:21:48 IST" duration-ms="28" status="PASS">
          <reporter-output>
          </reporter-output>
        </test-method> <!-- flushReport -->
        <test-method is-config="true" signature="openReport()[pri:0, instance:com.mindtree.runner.Runner@1139b2f3]" started-at="2022-07-15T22:21:48 IST" name="openReport" finished-at="2022-07-15T22:21:50 IST" duration-ms="2027" status="PASS">
          <reporter-output>
          </reporter-output>
        </test-method> <!-- openReport -->
      </class> <!-- com.mindtree.runner.Runner -->
    </test> <!-- Default test -->
  </suite> <!-- Default suite -->
</testng-results>
